2019-08-21 20:07:44.879  INFO 3524 --- [main] com.transaction.core.CoreApplication     : Starting CoreApplication on DESKTOP-5QIOI62 with PID 3524 (E:\Transaction\target\classes started by 北 in E:\Transaction)
2019-08-21 20:07:44.889  INFO 3524 --- [main] com.transaction.core.CoreApplication     : No active profile set, falling back to default profiles: default
2019-08-21 20:07:45.747  INFO 3524 --- [main] .s.d.r.c.RepositoryConfigurationDelegate : Bootstrapping Spring Data repositories in DEFAULT mode.
2019-08-21 20:07:45.821  INFO 3524 --- [main] .s.d.r.c.RepositoryConfigurationDelegate : Finished Spring Data repository scanning in 65ms. Found 1 repository interfaces.
2019-08-21 20:07:46.109  INFO 3524 --- [main] trationDelegate$BeanPostProcessorChecker : Bean 'org.springframework.transaction.annotation.ProxyTransactionManagementConfiguration' of type [org.springframework.transaction.annotation.ProxyTransactionManagementConfiguration$$EnhancerBySpringCGLIB$$8f17572a] is not eligible for getting processed by all BeanPostProcessors (for example: not eligible for auto-proxying)
2019-08-21 20:07:46.379  INFO 3524 --- [main] o.s.b.w.embedded.tomcat.TomcatWebServer  : Tomcat initialized with port(s): 18080 (http)
2019-08-21 20:07:46.409  INFO 3524 --- [main] o.apache.catalina.core.StandardService   : Starting service [Tomcat]
2019-08-21 20:07:46.409  INFO 3524 --- [main] org.apache.catalina.core.StandardEngine  : Starting Servlet engine: [Apache Tomcat/9.0.21]
2019-08-21 20:07:46.577  INFO 3524 --- [main] o.a.c.c.C.[Tomcat].[localhost].[/]       : Initializing Spring embedded WebApplicationContext
2019-08-21 20:07:46.578  INFO 3524 --- [main] o.s.web.context.ContextLoader            : Root WebApplicationContext: initialization completed in 1646 ms
2019-08-21 20:07:46.671  INFO 3524 --- [main] c.a.d.s.b.a.DruidDataSourceAutoConfigure : Init DruidDataSource
2019-08-21 20:07:48.772  INFO 3524 --- [main] com.alibaba.druid.pool.DruidDataSource   : {dataSource-1} inited
2019-08-21 20:07:48.885  INFO 3524 --- [main] o.hibernate.jpa.internal.util.LogHelper  : HHH000204: Processing PersistenceUnitInfo [
	name: default
	...]
2019-08-21 20:07:48.953  INFO 3524 --- [main] org.hibernate.Version                    : HHH000412: Hibernate Core {5.3.10.Final}
2019-08-21 20:07:48.955  INFO 3524 --- [main] org.hibernate.cfg.Environment            : HHH000206: hibernate.properties not found
2019-08-21 20:07:49.086  INFO 3524 --- [main] o.hibernate.annotations.common.Version   : HCANN000001: Hibernate Commons Annotations {5.0.4.Final}
2019-08-21 20:07:49.227  INFO 3524 --- [main] org.hibernate.dialect.Dialect            : HHH000400: Using dialect: org.hibernate.dialect.MySQL5Dialect
2019-08-21 20:07:50.112  INFO 3524 --- [main] j.LocalContainerEntityManagerFactoryBean : Initialized JPA EntityManagerFactory for persistence unit 'default'
2019-08-21 20:07:50.509  INFO 3524 --- [main] o.s.s.concurrent.ThreadPoolTaskExecutor  : Initializing ExecutorService 'applicationTaskExecutor'
2019-08-21 20:07:50.542  WARN 3524 --- [main] aWebConfiguration$JpaWebMvcConfiguration : spring.jpa.open-in-view is enabled by default. Therefore, database queries may be performed during view rendering. Explicitly configure spring.jpa.open-in-view to disable this warning
2019-08-21 20:07:50.809  INFO 3524 --- [main] o.s.b.w.embedded.tomcat.TomcatWebServer  : Tomcat started on port(s): 18080 (http) with context path ''
2019-08-21 20:07:50.811  INFO 3524 --- [main] com.transaction.core.CoreApplication     : Started CoreApplication in 6.284 seconds (JVM running for 8.597)
2019-08-21 20:07:52.392  INFO 3524 --- [Thread-17] c.t.core.exchange.zt.job.LoginJob        : 调用ZT登录接口返回结果：{"code":0,"message":"操作成功","result":{"token":"eyJhbGciOiJIUzI1NiIsInR5cCI6IkpXVCJ9.eyJVc2VySWQiOjExNTcxNDQsIkxvZ2luVmVyaWZ5IjowLCJleHAiOjE1NjY0MzI0NzJ9._2kkVpIfXWLLXcL7fRk3Ane3ZVFT53A4FAhlNHTqAUs","token_expire":1566432472,"email":"","phone":"159****0382","user_securities":[{"ID":172071,"CreatedAt":"2019-06-27T16:06:01+08:00","UpdatedAt":"2019-06-27T16:06:01+08:00","DeletedAt":null,"user_id":1157144,"type":1}],"need_safe":1}}
2019-08-21 20:07:52.439  INFO 3524 --- [Thread-17] c.t.core.exchange.zt.job.LoginJob        : ZT登录需要手机验证码
2019-08-21 20:07:52.442  INFO 3524 --- [Thread-17] c.t.core.exchange.zt.job.LoginJob        : post请求，url=https://www.zt.com/api/v1/user/SMS，param=okhttp3.FormBody@402348b5，token=eyJhbGciOiJIUzI1NiIsInR5cCI6IkpXVCJ9.eyJVc2VySWQiOjExNTcxNDQsIkxvZ2luVmVyaWZ5IjowLCJleHAiOjE1NjY0MzI0NzJ9._2kkVpIfXWLLXcL7fRk3Ane3ZVFT53A4FAhlNHTqAUs
2019-08-21 20:07:52.965  INFO 3524 --- [Thread-17] c.t.core.exchange.zt.job.LoginJob        : {"code":0,"message":"操作成功","result":null}
2019-08-21 20:07:52.965  INFO 3524 --- [Thread-17] c.t.core.exchange.zt.job.LoginJob        : 发送短信验证码成功，开始邮件通知
2019-08-21 20:07:53.272 ERROR 3524 --- [Thread-17] c.t.core.exchange.zt.job.LoginJob        : 发送邮件失败

org.springframework.mail.MailSendException: Mail server connection failed; nested exception is javax.mail.MessagingException: Exception reading response;
  nested exception is:
	java.net.SocketTimeoutException: Read timed out. Failed messages: javax.mail.MessagingException: Exception reading response;
  nested exception is:
	java.net.SocketTimeoutException: Read timed out
	at org.springframework.mail.javamail.JavaMailSenderImpl.doSend(JavaMailSenderImpl.java:447)
	at org.springframework.mail.javamail.JavaMailSenderImpl.send(JavaMailSenderImpl.java:360)
	at org.springframework.mail.javamail.JavaMailSenderImpl.send(JavaMailSenderImpl.java:355)
	at com.transaction.core.utils.MailUtil.sendMail(MailUtil.java:73)
	at com.transaction.core.utils.MailUtil.sendEmains(MailUtil.java:78)
	at com.transaction.core.exchange.zt.job.LoginJob.sendSMG(LoginJob.java:109)
	at com.transaction.core.exchange.zt.job.LoginJob.doLogin(LoginJob.java:76)
	at com.transaction.core.exchange.zt.job.LoginJob.lambda$run$0(LoginJob.java:45)
	at java.lang.Thread.run(Thread.java:748)
Caused by: javax.mail.MessagingException: Exception reading response
	at com.sun.mail.smtp.SMTPTransport.readServerResponse(SMTPTransport.java:2460)
	at com.sun.mail.smtp.SMTPTransport.openServer(SMTPTransport.java:2187)
	at com.sun.mail.smtp.SMTPTransport.protocolConnect(SMTPTransport.java:740)
	at javax.mail.Service.connect(Service.java:366)
	at org.springframework.mail.javamail.JavaMailSenderImpl.connectTransport(JavaMailSenderImpl.java:517)
	at org.springframework.mail.javamail.JavaMailSenderImpl.doSend(JavaMailSenderImpl.java:436)
	... 8 common frames omitted
Caused by: java.net.SocketTimeoutException: Read timed out
	at java.net.SocketInputStream.socketRead0(Native Method)
	at java.net.SocketInputStream.socketRead(SocketInputStream.java:116)
	at java.net.SocketInputStream.read(SocketInputStream.java:171)
	at java.net.SocketInputStream.read(SocketInputStream.java:141)
	at com.sun.mail.util.TraceInputStream.read(TraceInputStream.java:126)
	at java.io.BufferedInputStream.fill(BufferedInputStream.java:246)
	at java.io.BufferedInputStream.read(BufferedInputStream.java:265)
	at com.sun.mail.util.LineInputStream.readLine(LineInputStream.java:106)
	at com.sun.mail.smtp.SMTPTransport.readServerResponse(SMTPTransport.java:2440)
	... 13 common frames omitted

2019-08-21 20:07:54.545  WARN 3524 --- [OkHttp https://ws.zt.com/...] c.t.core.ws.EchoWebSocketListener        : webSocket open
2019-08-21 20:07:55.449  INFO 3524 --- [main] com.transaction.core.CoreApplication     : 启动ZT-CNT监控...
2019-08-21 20:08:00.455  INFO 3524 --- [ZTCNT_VOLLAR_USDT] c.t.core.exchange.zhaobi.SyncMoving1     : moving1 start, sy1: USDT, sy2: VOLLAR
2019-08-21 20:08:00.461  INFO 3524 --- [ZTCNT_VOLLAR_USDT] c.t.core.exchange.zhaobi.SyncMoving2     : moving2 start, sy1: USDT, sy2: VOLLAR
